[2025-10-21T18:09:18.957Z] Error: Missing $ref pointer "#/definitions/UserProfile". Token "UserProfile" does not exist.
Stack:
MissingPointerError: Missing $ref pointer "#/definitions/UserProfile". Token "UserProfile" does not exist.
    at Pointer.resolve (/home/callum/Projects/game-master-web/node_modules/.pnpm/@hey-api+json-schema-ref-parser@1.1.0/node_modules/@hey-api/json-schema-ref-parser/dist/lib/pointer.js:113:23)
    at $Ref.resolve (/home/callum/Projects/game-master-web/node_modules/.pnpm/@hey-api+json-schema-ref-parser@1.1.0/node_modules/@hey-api/json-schema-ref-parser/dist/lib/ref.js:79:24)
    at $Refs._resolve (/home/callum/Projects/game-master-web/node_modules/.pnpm/@hey-api+json-schema-ref-parser@1.1.0/node_modules/@hey-api/json-schema-ref-parser/dist/lib/refs.js:168:21)
    at inventory$Ref (/home/callum/Projects/game-master-web/node_modules/.pnpm/@hey-api+json-schema-ref-parser@1.1.0/node_modules/@hey-api/json-schema-ref-parser/dist/lib/bundle.js:136:25)
    at crawl (/home/callum/Projects/game-master-web/node_modules/.pnpm/@hey-api+json-schema-ref-parser@1.1.0/node_modules/@hey-api/json-schema-ref-parser/dist/lib/bundle.js:266:21)
    at crawl (/home/callum/Projects/game-master-web/node_modules/.pnpm/@hey-api+json-schema-ref-parser@1.1.0/node_modules/@hey-api/json-schema-ref-parser/dist/lib/bundle.js:281:21)
    at crawl (/home/callum/Projects/game-master-web/node_modules/.pnpm/@hey-api+json-schema-ref-parser@1.1.0/node_modules/@hey-api/json-schema-ref-parser/dist/lib/bundle.js:281:21)
    at crawl (/home/callum/Projects/game-master-web/node_modules/.pnpm/@hey-api+json-schema-ref-parser@1.1.0/node_modules/@hey-api/json-schema-ref-parser/dist/lib/bundle.js:281:21)
    at crawl (/home/callum/Projects/game-master-web/node_modules/.pnpm/@hey-api+json-schema-ref-parser@1.1.0/node_modules/@hey-api/json-schema-ref-parser/dist/lib/bundle.js:281:21)
    at crawl (/home/callum/Projects/game-master-web/node_modules/.pnpm/@hey-api+json-schema-ref-parser@1.1.0/node_modules/@hey-api/json-schema-ref-parser/dist/lib/bundle.js:281:21)
    at bundle (/home/callum/Projects/game-master-web/node_modules/.pnpm/@hey-api+json-schema-ref-parser@1.1.0/node_modules/@hey-api/json-schema-ref-parser/dist/lib/bundle.js:540:5)
    at $RefParser.bundle (/home/callum/Projects/game-master-web/node_modules/.pnpm/@hey-api+json-schema-ref-parser@1.1.0/node_modules/@hey-api/json-schema-ref-parser/dist/lib/index.js:133:32)
    at async Dl (/home/callum/Projects/game-master-web/node_modules/.pnpm/@hey-api+openapi-ts@0.82.5_magicast@0.3.5_typescript@5.9.2/node_modules/@hey-api/openapi-ts/dist/index.cjs:54:2216)
    at async ra (/home/callum/Projects/game-master-web/node_modules/.pnpm/@hey-api+openapi-ts@0.82.5_magicast@0.3.5_typescript@5.9.2/node_modules/@hey-api/openapi-ts/dist/index.cjs:54:8226)
    at async Promise.all (index 0)
    at async TV (/home/callum/Projects/game-master-web/node_modules/.pnpm/@hey-api+openapi-ts@0.82.5_magicast@0.3.5_typescript@5.9.2/node_modules/@hey-api/openapi-ts/dist/index.cjs:1350:6572)
    at async start (/home/callum/Projects/game-master-web/node_modules/.pnpm/@hey-api+openapi-ts@0.82.5_magicast@0.3.5_typescript@5.9.2/node_modules/@hey-api/openapi-ts/bin/index.cjs:139:21)
